0 info it worked if it ends with ok
1 verbose cli [ 'C:\\Program Files\\nodejs\\\\node.exe',
1 verbose cli   'C:\\Program Files\\nodejs\\node_modules\\npm\\bin\\npm-cli.js',
1 verbose cli   'install',
1 verbose cli   '-g',
1 verbose cli   'nodemon' ]
2 info using npm@1.1.59
3 info using node@v0.8.8
4 verbose node symlink C:\Program Files\nodejs\\node.exe
5 verbose read json C:\Users\wucho\AppData\Roaming\npm\package.json
6 verbose read json C:\Users\wucho\AppData\Roaming\npm\package.json
7 verbose cache add [ 'nodemon', null ]
8 silly cache add name=undefined spec="nodemon" args=["nodemon",null]
9 verbose parsed url { pathname: 'nodemon', path: 'nodemon', href: 'nodemon' }
10 silly lockFile 1625b929-nodemon nodemon
11 verbose lock nodemon C:\Users\wucho\AppData\Roaming\npm-cache\1625b929-nodemon.lock
12 silly lockFile 1625b929-nodemon nodemon
13 verbose addNamed [ 'nodemon', '' ]
14 verbose addNamed [ null, '' ]
15 silly lockFile 4f5e51c6-nodemon nodemon@
16 verbose lock nodemon@ C:\Users\wucho\AppData\Roaming\npm-cache\4f5e51c6-nodemon.lock
17 silly addNameRange { name: 'nodemon', range: '', hasData: false }
18 verbose url raw nodemon
19 verbose url resolving [ 'https://registry.npmjs.org/', './nodemon' ]
20 verbose url resolved https://registry.npmjs.org/nodemon
21 info retry registry request attempt 1 at 17:06:42
22 http GET https://registry.npmjs.org/nodemon
23 info retry will retry, error on last attempt: Error: SSL Error: CERT_UNTRUSTED
24 info retry registry request attempt 2 at 17:06:54
25 http GET https://registry.npmjs.org/nodemon
26 info retry will retry, error on last attempt: Error: SSL Error: CERT_UNTRUSTED
27 info retry registry request attempt 3 at 17:07:55
28 http GET https://registry.npmjs.org/nodemon
29 silly lockFile 4f5e51c6-nodemon nodemon@
30 error Error: SSL Error: CERT_UNTRUSTED
30 error     at ClientRequest.<anonymous> (C:\Program Files\nodejs\node_modules\npm\node_modules\request\main.js:525:26)
30 error     at ClientRequest.g (events.js:185:14)
30 error     at ClientRequest.EventEmitter.emit (events.js:88:17)
30 error     at HTTPParser.parserOnIncomingClient [as onIncoming] (http.js:1455:7)
30 error     at HTTPParser.parserOnHeadersComplete [as onHeadersComplete] (http.js:111:23)
30 error     at CleartextStream.socketOnData [as ondata] (http.js:1366:20)
30 error     at CleartextStream.CryptoStream._push (tls.js:495:27)
30 error     at SecurePair.cycle (tls.js:849:20)
30 error     at EncryptedStream.CryptoStream.write (tls.js:230:13)
30 error     at Socket.ondata (stream.js:38:26)
31 error If you need help, you may report this log at:
31 error     <http://github.com/isaacs/npm/issues>
31 error or email it to:
31 error     <npm-@googlegroups.com>
32 error System Windows_NT 6.1.7601
33 error command "C:\\Program Files\\nodejs\\\\node.exe" "C:\\Program Files\\nodejs\\node_modules\\npm\\bin\\npm-cli.js" "install" "-g" "nodemon"
34 error cwd C:\Users\wucho\Documents\GitHub\RTARealWeb\logs
35 error node -v v0.8.8
36 error npm -v 1.1.59
37 verbose exit [ 1, true ]
